<?xml version="1.0" encoding="UTF-8"?>
<!-- Generated by org.testng.reporters.JUnitXMLReporter -->
<testsuite ignored="0" hostname="Vrushali" failures="2" tests="2" name="Test" time="15.795" errors="0" timestamp="2024-08-09T20:39:55 IST">
  <testcase classname="coverFoxTest.CoverFoxTC" name="validateBanners" time="0.018">
    <failure type="java.lang.AssertionError" message="null">
      <![CDATA[java.lang.AssertionError: null
at coverFoxTest.CoverFoxTC.validateBanners(CoverFoxTC.java:61)
at java.base/java.util.ArrayList.forEach(ArrayList.java:1597)
... Removed 27 stack frames]]>
    </failure>
  </testcase> <!-- validateBanners -->
  <testcase classname="coverFoxTest.CoverFoxTC" name="validatePresenceOfSortButton" time="0.01">
    <failure type="java.lang.AssertionError" message="null">
      <![CDATA[java.lang.AssertionError: null
at coverFoxTest.CoverFoxTC.validatePresenceOfSortButton(CoverFoxTC.java:74)
at java.base/java.util.ArrayList.forEach(ArrayList.java:1597)
... Removed 27 stack frames]]>
    </failure>
  </testcase> <!-- validatePresenceOfSortButton -->
</testsuite> <!-- Test -->
